<?xml version="1.0" encoding="UTF-8"?>
<!-- Generated by org.testng.reporters.JUnitReportReporter -->
<testsuite hostname="DESKTOP-H9BS9M0" name="selenium.Topic_01_CheckEnvironment" tests="3" failures="0" timestamp="8 Sep 2020 17:06:46 GMT" time="0.367" errors="0">
  <testcase name="TC_01_ValidateCurrentUrl" time="0.031" classname="selenium.Topic_01_CheckEnvironment"/>
  <testcase name="TC_03_LoginFormDisplayed" time="0.327" classname="selenium.Topic_01_CheckEnvironment"/>
  <testcase name="TC_02_ValidatePageTitle" time="0.009" classname="selenium.Topic_01_CheckEnvironment"/>
</testsuite> <!-- selenium.Topic_01_CheckEnvironment -->
